0 info it worked if it ends with ok
1 verbose cli [ '/usr/local/bin/node',
1 verbose cli   '/usr/local/bin/npm',
1 verbose cli   'install',
1 verbose cli   '-g',
1 verbose cli   'expressworks' ]
2 info using npm@2.14.7
3 info using node@v4.2.1
4 verbose install initial load of /usr/local/lib/package.json
5 verbose readDependencies loading dependencies from /usr/local/lib/package.json
6 silly cache add args [ 'expressworks', null ]
7 verbose cache add spec expressworks
8 silly cache add parsed spec Result {
8 silly cache add   raw: 'expressworks',
8 silly cache add   scope: null,
8 silly cache add   name: 'expressworks',
8 silly cache add   rawSpec: '',
8 silly cache add   spec: '*',
8 silly cache add   type: 'range' }
9 silly addNamed expressworks@*
10 verbose addNamed "*" is a valid semver range for expressworks
11 silly addNameRange { name: 'expressworks', range: '*', hasData: false }
12 silly mapToRegistry name expressworks
13 silly mapToRegistry using default registry
14 silly mapToRegistry registry https://registry.npmjs.org/
15 silly mapToRegistry uri https://registry.npmjs.org/expressworks
16 verbose addNameRange registry:https://registry.npmjs.org/expressworks not in flight; fetching
17 verbose request uri https://registry.npmjs.org/expressworks
18 verbose request no auth needed
19 info attempt registry request try #1 at 4:08:52 AM
20 verbose request id 7a50a026e48cc171
21 http request GET https://registry.npmjs.org/expressworks
22 http 200 https://registry.npmjs.org/expressworks
23 verbose headers { server: 'CouchDB/1.5.0 (Erlang OTP/R16B03)',
23 verbose headers   etag: '"A1IEJJ01IM07PX8G0DBWFA57D"',
23 verbose headers   'content-type': 'application/json',
23 verbose headers   'cache-control': 'max-age=60',
23 verbose headers   'content-length': '56901',
23 verbose headers   'accept-ranges': 'bytes',
23 verbose headers   date: 'Mon, 30 Nov 2015 09:08:52 GMT',
23 verbose headers   via: '1.1 varnish',
23 verbose headers   age: '0',
23 verbose headers   connection: 'keep-alive',
23 verbose headers   'x-served-by': 'cache-iad2129-IAD',
23 verbose headers   'x-cache': 'MISS',
23 verbose headers   'x-cache-hits': '0',
23 verbose headers   'x-timer': 'S1448874532.134204,VS0,VE278',
23 verbose headers   vary: 'Accept' }
24 silly get cb [ 200,
24 silly get   { server: 'CouchDB/1.5.0 (Erlang OTP/R16B03)',
24 silly get     etag: '"A1IEJJ01IM07PX8G0DBWFA57D"',
24 silly get     'content-type': 'application/json',
24 silly get     'cache-control': 'max-age=60',
24 silly get     'content-length': '56901',
24 silly get     'accept-ranges': 'bytes',
24 silly get     date: 'Mon, 30 Nov 2015 09:08:52 GMT',
24 silly get     via: '1.1 varnish',
24 silly get     age: '0',
24 silly get     connection: 'keep-alive',
24 silly get     'x-served-by': 'cache-iad2129-IAD',
24 silly get     'x-cache': 'MISS',
24 silly get     'x-cache-hits': '0',
24 silly get     'x-timer': 'S1448874532.134204,VS0,VE278',
24 silly get     vary: 'Accept' } ]
25 verbose get saving expressworks to /Users/eidein/.npm/registry.npmjs.org/expressworks/.cache.json
26 silly addNameRange number 2 { name: 'expressworks', range: '*', hasData: true }
27 silly addNameRange versions [ 'expressworks',
27 silly addNameRange   [ '0.0.1',
27 silly addNameRange     '0.0.2',
27 silly addNameRange     '0.0.3',
27 silly addNameRange     '0.0.5',
27 silly addNameRange     '0.0.6',
27 silly addNameRange     '0.0.7',
27 silly addNameRange     '0.0.8',
27 silly addNameRange     '0.0.9',
27 silly addNameRange     '0.0.10',
27 silly addNameRange     '0.0.11',
27 silly addNameRange     '0.0.12',
27 silly addNameRange     '0.0.13',
27 silly addNameRange     '0.0.16',
27 silly addNameRange     '0.0.17',
27 silly addNameRange     '0.0.18',
27 silly addNameRange     '0.0.20',
27 silly addNameRange     '0.0.21',
27 silly addNameRange     '0.0.22',
27 silly addNameRange     '0.0.23',
27 silly addNameRange     '1.0.0',
27 silly addNameRange     '1.0.1',
27 silly addNameRange     '1.0.2',
27 silly addNameRange     '2.0.0',
27 silly addNameRange     '2.0.1',
27 silly addNameRange     '2.0.4',
27 silly addNameRange     '2.0.5',
27 silly addNameRange     '2.0.6',
27 silly addNameRange     '2.0.7',
27 silly addNameRange     '2.1.0',
27 silly addNameRange     '2.2.0',
27 silly addNameRange     '2.3.0',
27 silly addNameRange     '2.3.1',
27 silly addNameRange     '2.3.2',
27 silly addNameRange     '2.3.3',
27 silly addNameRange     '2.3.4',
27 silly addNameRange     '3.0.0',
27 silly addNameRange     '3.1.0',
27 silly addNameRange     '3.1.1',
27 silly addNameRange     '3.1.2',
27 silly addNameRange     '3.1.3',
27 silly addNameRange     '3.2.0' ] ]
28 silly addNamed expressworks@3.2.0
29 verbose addNamed "3.2.0" is a plain semver version for expressworks
30 silly mapToRegistry name expressworks
31 silly mapToRegistry using default registry
32 silly mapToRegistry registry https://registry.npmjs.org/
33 silly mapToRegistry uri https://registry.npmjs.org/expressworks
34 verbose addRemoteTarball https://registry.npmjs.org/expressworks/-/expressworks-3.2.0.tgz not in flight; adding
35 verbose addRemoteTarball [ 'https://registry.npmjs.org/expressworks/-/expressworks-3.2.0.tgz',
35 verbose addRemoteTarball   'a257de2fd1d45fec9372d9ceffeb821ab58a5aca' ]
36 info retry fetch attempt 1 at 4:08:52 AM
37 info attempt registry request try #1 at 4:08:52 AM
38 http fetch GET https://registry.npmjs.org/expressworks/-/expressworks-3.2.0.tgz
39 http fetch 200 https://registry.npmjs.org/expressworks/-/expressworks-3.2.0.tgz
40 silly fetchAndShaCheck shasum a257de2fd1d45fec9372d9ceffeb821ab58a5aca
41 verbose addTmpTarball /var/folders/_n/_snr1__17_g54_th6sddqrg00000gn/T/npm-57848-df1b2582/registry.npmjs.org/expressworks/-/expressworks-3.2.0.tgz not in flight; adding
42 verbose addTmpTarball already have metadata; skipping unpack for expressworks@3.2.0
43 silly cache afterAdd expressworks@3.2.0
44 verbose afterAdd /Users/eidein/.npm/expressworks/3.2.0/package/package.json not in flight; writing
45 verbose afterAdd /Users/eidein/.npm/expressworks/3.2.0/package/package.json written
46 silly install resolved [ { name: 'expressworks',
46 silly install resolved     version: '3.2.0',
46 silly install resolved     description: 'Express.js workshop based on workshopper and inspired by stream-adventure by @substack and @maxogden.',
46 silly install resolved     main: 'expressworks.js',
46 silly install resolved     author: { name: 'Azat Mardan', url: '@azat_co' },
46 silly install resolved     scripts: { test: 'echo "Error: no test specified" && exit 1' },
46 silly install resolved     repository:
46 silly install resolved      { type: 'git',
46 silly install resolved        url: 'git+https://github.com/azat-co/expressworks.git' },
46 silly install resolved     keywords: [ 'express.js', 'node.js', 'javascript', 'nodeschool.io' ],
46 silly install resolved     license: 'BSD-2-Clause',
46 silly install resolved     bugs: { url: 'https://github.com/azat-co/expressworks/issues' },
46 silly install resolved     bin: { expressworks: './expressworks.js' },
46 silly install resolved     preferGlobal: true,
46 silly install resolved     dependencies:
46 silly install resolved      { 'body-parser': '^1.12.0',
46 silly install resolved        express: '^4.11.2',
46 silly install resolved        jade: '^1.9.2',
46 silly install resolved        stylus: '^0.50.0',
46 silly install resolved        superagent: '~0.15.7',
46 silly install resolved        through2: '^0.6.3',
46 silly install resolved        workshopper: '^2.6.0',
46 silly install resolved        'workshopper-exercise': '^2.5.3' },
46 silly install resolved     gitHead: '2fa87778fbd4590f394b0a69164acdec3a250485',
46 silly install resolved     homepage: 'https://github.com/azat-co/expressworks#readme',
46 silly install resolved     _id: 'expressworks@3.2.0',
46 silly install resolved     _shasum: 'a257de2fd1d45fec9372d9ceffeb821ab58a5aca',
46 silly install resolved     _from: 'expressworks@*',
46 silly install resolved     _npmVersion: '2.14.7',
46 silly install resolved     _nodeVersion: '4.2.1',
46 silly install resolved     _npmUser: { name: 'azat', email: 'hi@azat.co' },
46 silly install resolved     dist:
46 silly install resolved      { shasum: 'a257de2fd1d45fec9372d9ceffeb821ab58a5aca',
46 silly install resolved        tarball: 'http://registry.npmjs.org/expressworks/-/expressworks-3.2.0.tgz' },
46 silly install resolved     maintainers: [ [Object] ],
46 silly install resolved     directories: {},
46 silly install resolved     _resolved: 'https://registry.npmjs.org/expressworks/-/expressworks-3.2.0.tgz' } ]
47 info install expressworks@3.2.0 into /usr/local/lib
48 info installOne expressworks@3.2.0
49 verbose installOne of expressworks to /usr/local/lib not in flight; installing
50 verbose lock using /Users/eidein/.npm/_locks/expressworks-876b6c663f2a13e0.lock for /usr/local/lib/node_modules/expressworks
51 silly install write writing expressworks 3.2.0 to /usr/local/lib/node_modules/expressworks
52 verbose unbuild lib/node_modules/expressworks
53 silly gentlyRm /usr/local/lib/node_modules/expressworks is being purged from base /usr/local
54 verbose gentlyRm don't care about contents; nuking /usr/local/lib/node_modules/expressworks
55 verbose tar unpack /Users/eidein/.npm/expressworks/3.2.0/package.tgz
56 verbose tar unpacking to /usr/local/lib/node_modules/expressworks
57 silly gentlyRm /usr/local/lib/node_modules/expressworks is being purged
58 verbose gentlyRm don't care about contents; nuking /usr/local/lib/node_modules/expressworks
59 silly gunzTarPerm modes [ '755', '644' ]
60 error tar.unpack untar error /Users/eidein/.npm/expressworks/3.2.0/package.tgz
61 verbose unlock done using /Users/eidein/.npm/_locks/expressworks-876b6c663f2a13e0.lock for /usr/local/lib/node_modules/expressworks
62 verbose fstream_path /usr/local/lib/node_modules/expressworks
63 verbose fstream_type Directory
64 verbose fstream_class DirWriter
65 verbose stack Error: EACCES: permission denied, mkdir '/usr/local/lib/node_modules/expressworks'
65 verbose stack     at Error (native)
66 verbose fstream_stack /usr/local/lib/node_modules/npm/node_modules/fstream/lib/dir-writer.js:35:25
66 verbose fstream_stack /usr/local/lib/node_modules/npm/node_modules/mkdirp/index.js:47:53
66 verbose fstream_stack FSReqWrap.oncomplete (fs.js:82:15)
67 verbose cwd /Users/eidein/wdi/homework/infinite-giphy
68 error Darwin 14.5.0
69 error argv "/usr/local/bin/node" "/usr/local/bin/npm" "install" "-g" "expressworks"
70 error node v4.2.1
71 error npm  v2.14.7
72 error path /usr/local/lib/node_modules/expressworks
73 error code EACCES
74 error errno -13
75 error syscall mkdir
76 error Error: EACCES: permission denied, mkdir '/usr/local/lib/node_modules/expressworks'
76 error     at Error (native)
76 error  { [Error: EACCES: permission denied, mkdir '/usr/local/lib/node_modules/expressworks']
76 error   errno: -13,
76 error   code: 'EACCES',
76 error   syscall: 'mkdir',
76 error   path: '/usr/local/lib/node_modules/expressworks',
76 error   fstream_type: 'Directory',
76 error   fstream_path: '/usr/local/lib/node_modules/expressworks',
76 error   fstream_class: 'DirWriter',
76 error   fstream_stack:
76 error    [ '/usr/local/lib/node_modules/npm/node_modules/fstream/lib/dir-writer.js:35:25',
76 error      '/usr/local/lib/node_modules/npm/node_modules/mkdirp/index.js:47:53',
76 error      'FSReqWrap.oncomplete (fs.js:82:15)' ] }
77 error Please try running this command again as root/Administrator.
78 verbose exit [ -13, true ]
79 verbose unbuild lib/node_modules/expressworks
80 silly gentlyRm /usr/local/lib/node_modules/expressworks is being purged from base /usr/local
81 verbose gentlyRm don't care about contents; nuking /usr/local/lib/node_modules/expressworks
